*** Using Compiler 'V6.18', folder: 'D:\keil\Keil_v5\ARM\ARMCLANG\Bin'
Rebuild target '03_LCD_TEXT'
compiling stm32g4xx_hal_msp.c...
compiling stm32g4xx_hal_tim_ex.c...
compiling gpio.c...
compiling stm32g4xx_hal_tim.c...
assembling startup_stm32g431xx.s...
compiling stm32g4xx_it.c...
compiling main.c...
compiling stm32g4xx_hal_pwr_ex.c...
compiling stm32g4xx_hal_flash_ramfunc.c...
compiling stm32g4xx_hal.c...
compiling stm32g4xx_hal_gpio.c...
compiling stm32g4xx_hal_flash.c...
compiling stm32g4xx_hal_rcc_ex.c...
compiling stm32g4xx_hal_flash_ex.c...
compiling stm32g4xx_hal_exti.c...
compiling stm32g4xx_hal_rcc.c...
compiling stm32g4xx_hal_pwr.c...
compiling stm32g4xx_hal_dma_ex.c...
compiling system_stm32g4xx.c...
compiling bsp_led.c...
compiling stm32g4xx_hal_cortex.c...
compiling bsp_key.c...
compiling stm32g4xx_hal_dma.c...
compiling bsp_lcd.c...
linking...
Program Size: Code=15086 RO-data=5158 RW-data=20 ZI-data=1084  
FromELF: creating hex file...
"03_LCD_TEXT\03_LCD_TEXT.axf" - 0 Error(s), 0 Warning(s).
Build Time Elapsed:  00:00:05
